<?xml version="1.0" encoding="UTF-8"?>
<!-- Generated by org.testng.reporters.JUnitXMLReporter -->
<testsuite ignored="0" hostname="Yaminis-MacBook-Air.local" failures="0" tests="6" name="Default test" time="39.476" errors="0" timestamp="2022-05-09T00:20:49 PDT">
  <testcase classname="tests.InsuranceProjectTest" name="RunUserRegistrationTest" time="8.667"/>
  <testcase classname="tests.InsuranceProjectTest" name="RunLoginTest" time="5.521"/>
  <testcase classname="tests.InsuranceProjectTest" name="RunUpdateLocation" time="6.203"/>
  <testcase classname="tests.InsuranceProjectTest" name="RunApplyInsuranceTest" time="7.773"/>
  <testcase classname="tests.InsuranceProjectTest" name="RunUpdateProfileTest" time="5.873"/>
  <testcase classname="tests.InsuranceProjectTest" name="RunLogoutTest" time="5.328"/>
</testsuite> <!-- Default test -->
